<?xml version="1.0" encoding="UTF-8"?>
<testng-results ignored="0" total="1" passed="1" failed="0" skipped="0">
  <reporter-output>
  </reporter-output>
  <suite started-at="2022-09-15T09:31:19 IST" name="Suite" finished-at="2022-09-15T09:32:22 IST" duration-ms="62810">
    <groups>
    </groups>
    <test started-at="2022-09-15T09:31:19 IST" name="Guru99Bank" finished-at="2022-09-15T09:32:22 IST" duration-ms="62810">
      <class name="com.guru99bank.testCases.TC_AddCustomerTest_002">
        <test-method is-config="true" signature="launchBrowser(java.lang.String)[pri:0, instance:com.guru99bank.testCases.TC_AddCustomerTest_002@6cd28fa7]" started-at="2022-09-15T09:31:19 IST" name="launchBrowser" finished-at="2022-09-15T09:31:27 IST" duration-ms="7636" status="PASS">
          <params>
            <param index="0">
              <value>
                <![CDATA[chrome]]>
              </value>
            </param>
          </params>
          <reporter-output>
          </reporter-output>
        </test-method> <!-- launchBrowser -->
        <test-method signature="addNewCustomer()[pri:0, instance:com.guru99bank.testCases.TC_AddCustomerTest_002@6cd28fa7]" started-at="2022-09-15T09:31:27 IST" name="addNewCustomer" finished-at="2022-09-15T09:32:21 IST" duration-ms="54260" status="PASS">
          <reporter-output>
          </reporter-output>
        </test-method> <!-- addNewCustomer -->
        <test-method is-config="true" signature="tearDown()[pri:0, instance:com.guru99bank.testCases.TC_AddCustomerTest_002@6cd28fa7]" started-at="2022-09-15T09:32:21 IST" name="tearDown" finished-at="2022-09-15T09:32:22 IST" duration-ms="867" status="PASS">
          <reporter-output>
          </reporter-output>
        </test-method> <!-- tearDown -->
      </class> <!-- com.guru99bank.testCases.TC_AddCustomerTest_002 -->
    </test> <!-- Guru99Bank -->
  </suite> <!-- Suite -->
</testng-results>
